<?xml version="1.0" encoding="UTF-8"?>
<!-- Generated by org.testng.reporters.JUnitReportReporter -->
<testsuite hostname="DESKTOP-18AOTGD" name="company.ProjectSetup" tests="2" failures="0" timestamp="13 Oct 2019 18:38:47 GMT" time="0.025" errors="0">
  <testcase name="CreateCompany" time="0.003" classname="company.ProjectSetup"/>
  <testcase name="Login" time="0.022" classname="company.ProjectSetup"/>
</testsuite> <!-- company.ProjectSetup -->
